#
# A fatal error has been detected by the Java Runtime Environment:
#
#  EXCEPTION_ACCESS_VIOLATION (0xc0000005) at pc=0x00007ffeb64a2c62, pid=9548, tid=11952
#
# JRE version: OpenJDK Runtime Environment Temurin-17.0.2+8 (17.0.2+8) (build 17.0.2+8)
# Java VM: OpenJDK 64-Bit Server VM Temurin-17.0.2+8 (17.0.2+8, mixed mode, tiered, compressed oops, compressed class ptrs, g1 gc, windows-amd64)
# Problematic frame:
# C  [ntdll.dll+0x32c62]
#
# No core dump will be written. Minidumps are not enabled by default on client versions of Windows
#
# If you would like to submit a bug report, please visit:
#   https://github.com/adoptium/adoptium-support/issues
# The crash happened outside the Java Virtual Machine in native code.
# See problematic frame for where to report the bug.
#

---------------  S U M M A R Y ------------

Command Line: -Dfile.encoding=Cp1252 -XX:+ShowCodeDetailsInExceptionMessages br.com.alexsandro.gamepebolim.Game

Host: Intel(R) Core(TM) i3-7100 CPU @ 3.90GHz, 4 cores, 15G,  Windows 10 , 64 bit Build 19041 (10.0.19041.2251)
Time: Sat Dec  3 16:14:01 2022 Hora oficial do Brasil elapsed time: 6.830716 seconds (0d 0h 0m 6s)

---------------  T H R E A D  ---------------

Current thread (0x000001f74ab2fb60):  JavaThread "Thread-0" [_thread_in_native, id=11952, stack(0x0000001244200000,0x0000001244300000)]

Stack: [0x0000001244200000,0x0000001244300000],  sp=0x00000012442fdbe0,  free space=1014k
Native frames: (J=compiled Java code, j=interpreted, Vv=VM code, C=native code)
C  [ntdll.dll+0x32c62]
C  [ntdll.dll+0x513bc]
C  [ntdll.dll+0xa0f4e]
C  [ntdll.dll+0x63526]
C  [ntdll.dll+0x2fcb4]
C  [ntdll.dll+0x2fae2]
C  0x00007ffe7b94fe5c

Java frames: (J=compiled Java code, j=interpreted, Vv=VM code)
j  sun.java2d.d3d.D3DSurfaceData.initOps(III)V+0 java.desktop@17.0.2
j  sun.java2d.d3d.D3DSurfaceData.<init>(Lsun/awt/windows/WComponentPeer;Lsun/java2d/d3d/D3DGraphicsConfig;IILjava/awt/Image;Ljava/awt/image/ColorModel;IILsun/java2d/pipe/hw/ExtendedBufferCapabilities$VSyncType;I)V+212 java.desktop@17.0.2
j  sun.java2d.d3d.D3DSurfaceData.createData(Lsun/awt/windows/WComponentPeer;Ljava/awt/Image;)Lsun/java2d/d3d/D3DSurfaceData;+117 java.desktop@17.0.2
j  sun.java2d.d3d.D3DVolatileSurfaceManager.initAcceleratedSurface()Lsun/java2d/SurfaceData;+68 java.desktop@17.0.2
j  sun.java2d.d3d.D3DVolatileSurfaceManager.restoreAcceleratedSurface()V+49 java.desktop@17.0.2
J 1072 c1 sun.awt.image.VolatileSurfaceManager.validate(Ljava/awt/GraphicsConfiguration;)I java.desktop@17.0.2 (213 bytes) @ 0x000001f72f284684 [0x000001f72f284100+0x0000000000000584]
J 1071 c1 sun.awt.image.SunVolatileImage.validate(Ljava/awt/GraphicsConfiguration;)I java.desktop@17.0.2 (9 bytes) @ 0x000001f72f283cbc [0x000001f72f283bc0+0x00000000000000fc]
j  java.awt.Component$FlipBufferStrategy.revalidate()V+85 java.desktop@17.0.2
J 951 c1 br.com.alexsandro.gamepebolim.Game.render()V (267 bytes) @ 0x000001f72f252bf4 [0x000001f72f2518e0+0x0000000000001314]
J 900% c2 br.com.alexsandro.gamepebolim.Game.run()V (136 bytes) @ 0x000001f73665efc8 [0x000001f73665ef00+0x00000000000000c8]
j  java.lang.Thread.run()V+11 java.base@17.0.2
v  ~StubRoutines::call_stub

siginfo: EXCEPTION_ACCESS_VIOLATION (0xc0000005), reading address 0x00007ffe7bb09174


Register to memory mapping:

RIP=0x00007ffeb64a2c62 ntdll.dll
RAX=0x000000000000305d is an unknown value
RBX=0x000000000000fe5c is an unknown value
RCX=0x000000000000c180 is an unknown value
RDX=0x0000000000001020 is an unknown value
RSP=0x00000012442fdbe0 is pointing into the stack for thread: 0x000001f74ab2fb60
RBP=0x00000012442fe170 is pointing into the stack for thread: 0x000001f74ab2fb60
RSI=0x0 is NULL
RDI=0x00007ffe7bafd000 is an unknown value
R8 =0x00007ffe7b940000 is an unknown value
R9 =0x0000000000000008 is an unknown value
R10=0x00007ffeb65f1510 ntdll.dll
R11=0x0000000000000011 is an unknown value
R12=0x0 is NULL
R13=0x00007ffeb65e38f0 ntdll.dll
R14=0x00000012442fe210 is pointing into the stack for thread: 0x000001f74ab2fb60
R15=0x00000012442fe188 is pointing into the stack for thread: 0x000001f74ab2fb60


Registers:
RAX=0x000000000000305d, RBX=0x000000000000fe5c, RCX=0x000000000000c180, RDX=0x0000000000001020
RSP=0x00000012442fdbe0, RBP=0x00000012442fe170, RSI=0x0000000000000000, RDI=0x00007ffe7bafd000
R8 =0x00007ffe7b940000, R9 =0x0000000000000008, R10=0x00007ffeb65f1510, R11=0x0000000000000011
R12=0x0000000000000000, R13=0x00007ffeb65e38f0, R14=0x00000012442fe210, R15=0x00000012442fe188
RIP=0x00007ffeb64a2c62, EFLAGS=0x0000000000010206

Top of Stack: (sp=0x00000012442fdbe0)
0x00000012442fdbe0:   0000000000000000 0000001200000000
0x00000012442fdbf0:   00000012442fdc00 00000012442fdc08
0x00000012442fdc00:   00007ffe7bafd000 00007ffe7b940000
0x00000012442fdc10:   0000c180001cf000 0000000000000000
0x00000012442fdc20:   00007ffe7b94fe5c 00007ffeb64c13bc
0x00000012442fdc30:   00000012442fe830 0000000000000000
0x00000012442fdc40:   0000000000000000 00000012442fdc70
0x00000012442fdc50:   00000012442fdc70 00000012442fe190
0x00000012442fdc60:   00000012442fe180 0000000000000000
0x00000012442fdc70:   0000000000000100 0000000049b4e750
0x00000012442fdc80:   000001f74b8566b0 00007ffe4b4de8a0
0x00000012442fdc90:   000001f74ab2fb60 00007ffe49e871f8
0x00000012442fdca0:   00001fa20010000f 0000000000000033
0x00000012442fdcb0:   00010213002b0000 00007ffe4b7466c0
0x00000012442fdcc0:   000000004b746730 000001f74b859650
0x00000012442fdcd0:   000000004b8849f8 000000004b86fe08 

Instructions: (pc=0x00007ffeb64a2c62)
0x00007ffeb64a2b62:   41 83 f8 e7 73 09 48 83 c1 18 48 3b cb 72 c3 b8
0x00007ffeb64a2b72:   7b 00 00 c0 89 44 24 20 4c 8b 54 24 28 eb 15 b8
0x00007ffeb64a2b82:   7b 00 00 c0 eb cc b8 7b 00 00 c0 89 44 24 20 4c
0x00007ffeb64a2b92:   8b 54 24 28 eb 13 b8 7b 00 00 c0 89 44 24 20 4c
0x00007ffeb64a2ba2:   8b 4c 24 68 4c 8b 54 24 28 85 c0 78 03 4d 89 11
0x00007ffeb64a2bb2:   48 83 c4 40 5b c3 cc b1 01 48 83 fb 40 0f 83 5b
0x00007ffeb64a2bc2:   ff ff ff b8 7b 00 00 c0 eb e6 cc cc cc cc cc cc
0x00007ffeb64a2bd2:   cc cc cc cc cc cc cc cc cc cc cc cc cc cc 48 89
0x00007ffeb64a2be2:   5c 24 18 4c 89 74 24 20 41 57 48 83 ec 40 4d 8b
0x00007ffeb64a2bf2:   f0 4c 8b fa 48 8b d9 4d 85 c0 0f 85 3c 01 00 00
0x00007ffeb64a2c02:   48 8b 0d 0f e9 14 00 48 89 74 24 50 48 89 7c 24
0x00007ffeb64a2c12:   58 48 3b d9 0f 83 ec 00 00 00 48 8d 54 24 20 48
0x00007ffeb64a2c22:   8b cb e8 17 03 00 00 48 8b f8 48 85 ff 0f 84 da
0x00007ffeb64a2c32:   02 00 00 8b 4c 24 34 48 b8 ab aa aa aa aa aa aa
0x00007ffeb64a2c42:   aa 4c 8b 44 24 28 33 f6 48 f7 e1 4d 89 07 48 c1
0x00007ffeb64a2c52:   ea 03 85 d2 74 73 8d 42 ff 49 2b d8 48 8d 04 40
0x00007ffeb64a2c62:   44 8b 1c 87 4c 8d 14 87 49 3b db 73 48 44 8d 42
0x00007ffeb64a2c72:   fe 44 8b ce 45 85 c0 78 3c 0f 1f 44 00 00 43 8d
0x00007ffeb64a2c82:   04 08 d1 f8 48 63 c8 48 8d 14 49 4c 8d 14 97 8b
0x00007ffeb64a2c92:   14 97 48 3b da 72 12 41 8b 4a 0c 44 8b da 48 3b
0x00007ffeb64a2ca2:   d9 72 12 44 8d 48 01 eb 04 44 8d 40 ff 44 8b da
0x00007ffeb64a2cb2:   45 3b c1 7d c9 41 8b c3 48 3b d8 72 0c 41 8b 42
0x00007ffeb64a2cc2:   04 48 3b d8 73 03 49 8b f2 48 8b 7c 24 58 48 85
0x00007ffeb64a2cd2:   f6 74 19 4d 85 f6 0f 85 ea 00 00 00 48 85 f6 74
0x00007ffeb64a2ce2:   0b 8b 46 08 a8 01 0f 85 34 02 00 00 48 8b c6 48
0x00007ffeb64a2cf2:   8b 74 24 50 48 8b 5c 24 60 4c 8b 74 24 68 48 83
0x00007ffeb64a2d02:   c4 40 41 5f c3 cc 8b 05 12 e8 14 00 48 03 c1 48
0x00007ffeb64a2d12:   3b d8 0f 83 02 ff ff ff 0f 28 0d ef e7 14 00 f2
0x00007ffeb64a2d22:   0f 10 05 f7 e7 14 00 66 48 0f 7e cf 0f 11 4c 24
0x00007ffeb64a2d32:   20 f2 0f 11 44 24 30 e9 ee fe ff ff 41 80 78 07
0x00007ffeb64a2d42:   00 4c 8d 1d d6 e6 14 00 0f 85 6b 01 00 00 41 80
0x00007ffeb64a2d52:   78 06 00 0f 84 a7 fe ff ff 48 3b 1d c6 e6 14 00 


Stack slot to memory mapping:
stack at sp + 0 slots: 0x0 is NULL
stack at sp + 1 slots: 0x0000001200000000 is an unknown value
stack at sp + 2 slots: 0x00000012442fdc00 is pointing into the stack for thread: 0x000001f74ab2fb60
stack at sp + 3 slots: 0x00000012442fdc08 is pointing into the stack for thread: 0x000001f74ab2fb60
stack at sp + 4 slots: 0x00007ffe7bafd000 is an unknown value
stack at sp + 5 slots: 0x00007ffe7b940000 is an unknown value
stack at sp + 6 slots: 0x0000c180001cf000 is an unknown value
stack at sp + 7 slots: 0x0 is NULL


---------------  P R O C E S S  ---------------

Threads class SMR info:
_java_thread_list=0x000001f74ab24f10, length=16, elements={
0x000001f74a0263e0, 0x000001f74a027c70, 0x000001f74a02ed20, 0x000001f74973f900,
0x000001f7497411f0, 0x000001f74a068cc0, 0x000001f74a069d50, 0x000001f74a06cef0,
0x000001f74a076850, 0x000001f74a1be500, 0x000001f74a1daa20, 0x000001f74a7544f0,
0x000001f74a764bd0, 0x000001f74a82a9e0, 0x000001f74ab2fb60, 0x000001f72b48c500
}

Java Threads: ( => current thread )
  0x000001f74a0263e0 JavaThread "Reference Handler" daemon [_thread_blocked, id=1436, stack(0x0000001242a00000,0x0000001242b00000)]
  0x000001f74a027c70 JavaThread "Finalizer" daemon [_thread_blocked, id=4360, stack(0x0000001242b00000,0x0000001242c00000)]
  0x000001f74a02ed20 JavaThread "Signal Dispatcher" daemon [_thread_blocked, id=12008, stack(0x0000001242d00000,0x0000001242e00000)]
  0x000001f74973f900 JavaThread "Attach Listener" daemon [_thread_blocked, id=2716, stack(0x0000001242e00000,0x0000001242f00000)]
  0x000001f7497411f0 JavaThread "Service Thread" daemon [_thread_blocked, id=6340, stack(0x0000001242f00000,0x0000001243000000)]
  0x000001f74a068cc0 JavaThread "Monitor Deflation Thread" daemon [_thread_blocked, id=7908, stack(0x0000001243000000,0x0000001243100000)]
  0x000001f74a069d50 JavaThread "C2 CompilerThread0" daemon [_thread_blocked, id=10404, stack(0x0000001243100000,0x0000001243200000)]
  0x000001f74a06cef0 JavaThread "C1 CompilerThread0" daemon [_thread_blocked, id=5304, stack(0x0000001243200000,0x0000001243300000)]
  0x000001f74a076850 JavaThread "Sweeper thread" daemon [_thread_blocked, id=12532, stack(0x0000001243300000,0x0000001243400000)]
  0x000001f74a1be500 JavaThread "Notification Thread" daemon [_thread_blocked, id=11420, stack(0x0000001243400000,0x0000001243500000)]
  0x000001f74a1daa20 JavaThread "Common-Cleaner" daemon [_thread_blocked, id=9444, stack(0x0000001243600000,0x0000001243700000)]
  0x000001f74a7544f0 JavaThread "Java2D Disposer" daemon [_thread_blocked, id=12740, stack(0x0000001243800000,0x0000001243900000)]
  0x000001f74a764bd0 JavaThread "AWT-Shutdown" [_thread_blocked, id=9276, stack(0x0000001243900000,0x0000001243a00000)]
  0x000001f74a82a9e0 JavaThread "AWT-EventQueue-0" [_thread_blocked, id=6212, stack(0x0000001243700000,0x0000001243800000)]
=>0x000001f74ab2fb60 JavaThread "Thread-0" [_thread_in_native, id=11952, stack(0x0000001244200000,0x0000001244300000)]
  0x000001f72b48c500 JavaThread "DestroyJavaVM" [_thread_blocked, id=10188, stack(0x0000001242200000,0x0000001242300000)]

Other Threads:
  0x000001f74a013c00 VMThread "VM Thread" [stack: 0x0000001242900000,0x0000001242a00000] [id=12512]
  0x000001f74a145f40 WatcherThread [stack: 0x0000001243500000,0x0000001243600000] [id=7484]
  0x000001f72b4da220 GCTaskThread "GC Thread#0" [stack: 0x0000001242400000,0x0000001242500000] [id=6260]
  0x000001f72b4eaf60 ConcurrentGCThread "G1 Main Marker" [stack: 0x0000001242500000,0x0000001242600000] [id=2220]
  0x000001f72b4ed260 ConcurrentGCThread "G1 Conc#0" [stack: 0x0000001242600000,0x0000001242700000] [id=5916]
  0x000001f72b56ec60 ConcurrentGCThread "G1 Refine#0" [stack: 0x0000001242700000,0x0000001242800000] [id=15052]
  0x000001f7495930d0 ConcurrentGCThread "G1 Service" [stack: 0x0000001242800000,0x0000001242900000] [id=7268]

Threads with active compile tasks:

VM state: not at safepoint (normal execution)

VM Mutex/Monitor currently owned by a thread: None

Heap address: 0x0000000702000000, size: 4064 MB, Compressed Oops mode: Zero based, Oop shift amount: 3

CDS archive(s) not mapped
Compressed class space mapped at: 0x0000000800000000-0x0000000840000000, reserved size: 1073741824
Narrow klass base: 0x0000000800000000, Narrow klass shift: 0, Narrow klass range: 0x40000000

GC Precious Log:
 CPUs: 4 total, 4 available
 Memory: 16249M
 Large Page Support: Disabled
 NUMA Support: Disabled
 Compressed Oops: Enabled (Zero based)
 Heap Region Size: 2M
 Heap Min Capacity: 8M
 Heap Initial Capacity: 254M
 Heap Max Capacity: 4064M
 Pre-touch: Disabled
 Parallel Workers: 4
 Concurrent Workers: 1
 Concurrent Refinement Workers: 4
 Periodic GC: Disabled

Heap:
 garbage-first heap   total 260096K, used 8192K [0x0000000702000000, 0x0000000800000000)
  region size 2048K, 5 young (10240K), 0 survivors (0K)
 Metaspace       used 14431K, committed 14656K, reserved 1064960K
  class space    used 1408K, committed 1536K, reserved 1048576K

Heap Regions: E=young(eden), S=young(survivor), O=old, HS=humongous(starts), HC=humongous(continues), CS=collection set, F=free, OA=open archive, CA=closed archive, TAMS=top-at-mark-start (previous, next)
|   0|0x0000000702000000, 0x0000000702000000, 0x0000000702200000|  0%| F|  |TAMS 0x0000000702000000, 0x0000000702000000| Untracked 
|   1|0x0000000702200000, 0x0000000702200000, 0x0000000702400000|  0%| F|  |TAMS 0x0000000702200000, 0x0000000702200000| Untracked 
|   2|0x0000000702400000, 0x0000000702400000, 0x0000000702600000|  0%| F|  |TAMS 0x0000000702400000, 0x0000000702400000| Untracked 
|   3|0x0000000702600000, 0x0000000702600000, 0x0000000702800000|  0%| F|  |TAMS 0x0000000702600000, 0x0000000702600000| Untracked 
|   4|0x0000000702800000, 0x0000000702800000, 0x0000000702a00000|  0%| F|  |TAMS 0x0000000702800000, 0x0000000702800000| Untracked 
|   5|0x0000000702a00000, 0x0000000702a00000, 0x0000000702c00000|  0%| F|  |TAMS 0x0000000702a00000, 0x0000000702a00000| Untracked 
|   6|0x0000000702c00000, 0x0000000702c00000, 0x0000000702e00000|  0%| F|  |TAMS 0x0000000702c00000, 0x0000000702c00000| Untracked 
|   7|0x0000000702e00000, 0x0000000702e00000, 0x0000000703000000|  0%| F|  |TAMS 0x0000000702e00000, 0x0000000702e00000| Untracked 
|   8|0x0000000703000000, 0x0000000703000000, 0x0000000703200000|  0%| F|  |TAMS 0x0000000703000000, 0x0000000703000000| Untracked 
|   9|0x0000000703200000, 0x0000000703200000, 0x0000000703400000|  0%| F|  |TAMS 0x0000000703200000, 0x0000000703200000| Untracked 
|  10|0x0000000703400000, 0x0000000703400000, 0x0000000703600000|  0%| F|  |TAMS 0x0000000703400000, 0x0000000703400000| Untracked 
|  11|0x0000000703600000, 0x0000000703600000, 0x0000000703800000|  0%| F|  |TAMS 0x0000000703600000, 0x0000000703600000| Untracked 
|  12|0x0000000703800000, 0x0000000703800000, 0x0000000703a00000|  0%| F|  |TAMS 0x0000000703800000, 0x0000000703800000| Untracked 
|  13|0x0000000703a00000, 0x0000000703a00000, 0x0000000703c00000|  0%| F|  |TAMS 0x0000000703a00000, 0x0000000703a00000| Untracked 
|  14|0x0000000703c00000, 0x0000000703c00000, 0x0000000703e00000|  0%| F|  |TAMS 0x0000000703c00000, 0x0000000703c00000| Untracked 
|  15|0x0000000703e00000, 0x0000000703e00000, 0x0000000704000000|  0%| F|  |TAMS 0x0000000703e00000, 0x0000000703e00000| Untracked 
|  16|0x0000000704000000, 0x0000000704000000, 0x0000000704200000|  0%| F|  |TAMS 0x0000000704000000, 0x0000000704000000| Untracked 
|  17|0x0000000704200000, 0x0000000704200000, 0x0000000704400000|  0%| F|  |TAMS 0x0000000704200000, 0x0000000704200000| Untracked 
|  18|0x0000000704400000, 0x0000000704400000, 0x0000000704600000|  0%| F|  |TAMS 0x0000000704400000, 0x0000000704400000| Untracked 
|  19|0x0000000704600000, 0x0000000704600000, 0x0000000704800000|  0%| F|  |TAMS 0x0000000704600000, 0x0000000704600000| Untracked 
|  20|0x0000000704800000, 0x0000000704800000, 0x0000000704a00000|  0%| F|  |TAMS 0x0000000704800000, 0x0000000704800000| Untracked 
|  21|0x0000000704a00000, 0x0000000704a00000, 0x0000000704c00000|  0%| F|  |TAMS 0x0000000704a00000, 0x0000000704a00000| Untracked 
|  22|0x0000000704c00000, 0x0000000704c00000, 0x0000000704e00000|  0%| F|  |TAMS 0x0000000704c00000, 0x0000000704c00000| Untracked 
|  23|0x0000000704e00000, 0x0000000704e00000, 0x0000000705000000|  0%| F|  |TAMS 0x0000000704e00000, 0x0000000704e00000| Untracked 
|  24|0x0000000705000000, 0x0000000705000000, 0x0000000705200000|  0%| F|  |TAMS 0x0000000705000000, 0x0000000705000000| Untracked 
|  25|0x0000000705200000, 0x0000000705200000, 0x0000000705400000|  0%| F|  |TAMS 0x0000000705200000, 0x0000000705200000| Untracked 
|  26|0x0000000705400000, 0x0000000705400000, 0x0000000705600000|  0%| F|  |TAMS 0x0000000705400000, 0x0000000705400000| Untracked 
|  27|0x0000000705600000, 0x0000000705600000, 0x0000000705800000|  0%| F|  |TAMS 0x0000000705600000, 0x0000000705600000| Untracked 
|  28|0x0000000705800000, 0x0000000705800000, 0x0000000705a00000|  0%| F|  |TAMS 0x0000000705800000, 0x0000000705800000| Untracked 
|  29|0x0000000705a00000, 0x0000000705a00000, 0x0000000705c00000|  0%| F|  |TAMS 0x0000000705a00000, 0x0000000705a00000| Untracked 
|  30|0x0000000705c00000, 0x0000000705c00000, 0x0000000705e00000|  0%| F|  |TAMS 0x0000000705c00000, 0x0000000705c00000| Untracked 
|  31|0x0000000705e00000, 0x0000000705e00000, 0x0000000706000000|  0%| F|  |TAMS 0x0000000705e00000, 0x0000000705e00000| Untracked 
|  32|0x0000000706000000, 0x0000000706000000, 0x0000000706200000|  0%| F|  |TAMS 0x0000000706000000, 0x0000000706000000| Untracked 
|  33|0x0000000706200000, 0x0000000706200000, 0x0000000706400000|  0%| F|  |TAMS 0x0000000706200000, 0x0000000706200000| Untracked 
|  34|0x0000000706400000, 0x0000000706400000, 0x0000000706600000|  0%| F|  |TAMS 0x0000000706400000, 0x0000000706400000| Untracked 
|  35|0x0000000706600000, 0x0000000706600000, 0x0000000706800000|  0%| F|  |TAMS 0x0000000706600000, 0x0000000706600000| Untracked 
|  36|0x0000000706800000, 0x0000000706800000, 0x0000000706a00000|  0%| F|  |TAMS 0x0000000706800000, 0x0000000706800000| Untracked 
|  37|0x0000000706a00000, 0x0000000706a00000, 0x0000000706c00000|  0%| F|  |TAMS 0x0000000706a00000, 0x0000000706a00000| Untracked 
|  38|0x0000000706c00000, 0x0000000706c00000, 0x0000000706e00000|  0%| F|  |TAMS 0x0000000706c00000, 0x0000000706c00000| Untracked 
|  39|0x0000000706e00000, 0x0000000706e00000, 0x0000000707000000|  0%| F|  |TAMS 0x0000000706e00000, 0x0000000706e00000| Untracked 
|  40|0x0000000707000000, 0x0000000707000000, 0x0000000707200000|  0%| F|  |TAMS 0x0000000707000000, 0x0000000707000000| Untracked 
|  41|0x0000000707200000, 0x0000000707200000, 0x0000000707400000|  0%| F|  |TAMS 0x0000000707200000, 0x0000000707200000| Untracked 
|  42|0x0000000707400000, 0x0000000707400000, 0x0000000707600000|  0%| F|  |TAMS 0x0000000707400000, 0x0000000707400000| Untracked 
|  43|0x0000000707600000, 0x0000000707600000, 0x0000000707800000|  0%| F|  |TAMS 0x0000000707600000, 0x0000000707600000| Untracked 
|  44|0x0000000707800000, 0x0000000707800000, 0x0000000707a00000|  0%| F|  |TAMS 0x0000000707800000, 0x0000000707800000| Untracked 
|  45|0x0000000707a00000, 0x0000000707a00000, 0x0000000707c00000|  0%| F|  |TAMS 0x0000000707a00000, 0x0000000707a00000| Untracked 
|  46|0x0000000707c00000, 0x0000000707c00000, 0x0000000707e00000|  0%| F|  |TAMS 0x0000000707c00000, 0x0000000707c00000| Untracked 
|  47|0x0000000707e00000, 0x0000000707e00000, 0x0000000708000000|  0%| F|  |TAMS 0x0000000707e00000, 0x0000000707e00000| Untracked 
|  48|0x0000000708000000, 0x0000000708000000, 0x0000000708200000|  0%| F|  |TAMS 0x0000000708000000, 0x0000000708000000| Untracked 
|  49|0x0000000708200000, 0x0000000708200000, 0x0000000708400000|  0%| F|  |TAMS 0x0000000708200000, 0x0000000708200000| Untracked 
|  50|0x0000000708400000, 0x0000000708400000, 0x0000000708600000|  0%| F|  |TAMS 0x0000000708400000, 0x0000000708400000| Untracked 
|  51|0x0000000708600000, 0x0000000708600000, 0x0000000708800000|  0%| F|  |TAMS 0x0000000708600000, 0x0000000708600000| Untracked 
|  52|0x0000000708800000, 0x0000000708800000, 0x0000000708a00000|  0%| F|  |TAMS 0x0000000708800000, 0x0000000708800000| Untracked 
|  53|0x0000000708a00000, 0x0000000708a00000, 0x0000000708c00000|  0%| F|  |TAMS 0x0000000708a00000, 0x0000000708a00000| Untracked 
|  54|0x0000000708c00000, 0x0000000708c00000, 0x0000000708e00000|  0%| F|  |TAMS 0x0000000708c00000, 0x0000000708c00000| Untracked 
|  55|0x0000000708e00000, 0x0000000708e00000, 0x0000000709000000|  0%| F|  |TAMS 0x0000000708e00000, 0x0000000708e00000| Untracked 
|  56|0x0000000709000000, 0x0000000709000000, 0x0000000709200000|  0%| F|  |TAMS 0x0000000709000000, 0x0000000709000000| Untracked 
|  57|0x0000000709200000, 0x0000000709200000, 0x0000000709400000|  0%| F|  |TAMS 0x0000000709200000, 0x0000000709200000| Untracked 
|  58|0x0000000709400000, 0x0000000709400000, 0x0000000709600000|  0%| F|  |TAMS 0x0000000709400000, 0x0000000709400000| Untracked 
|  59|0x0000000709600000, 0x0000000709600000, 0x0000000709800000|  0%| F|  |TAMS 0x0000000709600000, 0x0000000709600000| Untracked 
|  60|0x0000000709800000, 0x0000000709800000, 0x0000000709a00000|  0%| F|  |TAMS 0x0000000709800000, 0x0000000709800000| Untracked 
|  61|0x0000000709a00000, 0x0000000709a00000, 0x0000000709c00000|  0%| F|  |TAMS 0x0000000709a00000, 0x0000000709a00000| Untracked 
|  62|0x0000000709c00000, 0x0000000709c00000, 0x0000000709e00000|  0%| F|  |TAMS 0x0000000709c00000, 0x0000000709c00000| Untracked 
|  63|0x0000000709e00000, 0x0000000709e00000, 0x000000070a000000|  0%| F|  |TAMS 0x0000000709e00000, 0x0000000709e00000| Untracked 
|  64|0x000000070a000000, 0x000000070a000000, 0x000000070a200000|  0%| F|  |TAMS 0x000000070a000000, 0x000000070a000000| Untracked 
|  65|0x000000070a200000, 0x000000070a200000, 0x000000070a400000|  0%| F|  |TAMS 0x000000070a200000, 0x000000070a200000| Untracked 
|  66|0x000000070a400000, 0x000000070a400000, 0x000000070a600000|  0%| F|  |TAMS 0x000000070a400000, 0x000000070a400000| Untracked 
|  67|0x000000070a600000, 0x000000070a600000, 0x000000070a800000|  0%| F|  |TAMS 0x000000070a600000, 0x000000070a600000| Untracked 
|  68|0x000000070a800000, 0x000000070a800000, 0x000000070aa00000|  0%| F|  |TAMS 0x000000070a800000, 0x000000070a800000| Untracked 
|  69|0x000000070aa00000, 0x000000070aa00000, 0x000000070ac00000|  0%| F|  |TAMS 0x000000070aa00000, 0x000000070aa00000| Untracked 
|  70|0x000000070ac00000, 0x000000070ac00000, 0x000000070ae00000|  0%| F|  |TAMS 0x000000070ac00000, 0x000000070ac00000| Untracked 
|  71|0x000000070ae00000, 0x000000070ae00000, 0x000000070b000000|  0%| F|  |TAMS 0x000000070ae00000, 0x000000070ae00000| Untracked 
|  72|0x000000070b000000, 0x000000070b000000, 0x000000070b200000|  0%| F|  |TAMS 0x000000070b000000, 0x000000070b000000| Untracked 
|  73|0x000000070b200000, 0x000000070b200000, 0x000000070b400000|  0%| F|  |TAMS 0x000000070b200000, 0x000000070b200000| Untracked 
|  74|0x000000070b400000, 0x000000070b400000, 0x000000070b600000|  0%| F|  |TAMS 0x000000070b400000, 0x000000070b400000| Untracked 
|  75|0x000000070b600000, 0x000000070b600000, 0x000000070b800000|  0%| F|  |TAMS 0x000000070b600000, 0x000000070b600000| Untracked 
|  76|0x000000070b800000, 0x000000070b800000, 0x000000070ba00000|  0%| F|  |TAMS 0x000000070b800000, 0x000000070b800000| Untracked 
|  77|0x000000070ba00000, 0x000000070ba00000, 0x000000070bc00000|  0%| F|  |TAMS 0x000000070ba00000, 0x000000070ba00000| Untracked 
|  78|0x000000070bc00000, 0x000000070bc00000, 0x000000070be00000|  0%| F|  |TAMS 0x000000070bc00000, 0x000000070bc00000| Untracked 
|  79|0x000000070be00000, 0x000000070be00000, 0x000000070c000000|  0%| F|  |TAMS 0x000000070be00000, 0x000000070be00000| Untracked 
|  80|0x000000070c000000, 0x000000070c000000, 0x000000070c200000|  0%| F|  |TAMS 0x000000070c000000, 0x000000070c000000| Untracked 
|  81|0x000000070c200000, 0x000000070c200000, 0x000000070c400000|  0%| F|  |TAMS 0x000000070c200000, 0x000000070c200000| Untracked 
|  82|0x000000070c400000, 0x000000070c400000, 0x000000070c600000|  0%| F|  |TAMS 0x000000070c400000, 0x000000070c400000| Untracked 
|  83|0x000000070c600000, 0x000000070c600000, 0x000000070c800000|  0%| F|  |TAMS 0x000000070c600000, 0x000000070c600000| Untracked 
|  84|0x000000070c800000, 0x000000070c800000, 0x000000070ca00000|  0%| F|  |TAMS 0x000000070c800000, 0x000000070c800000| Untracked 
|  85|0x000000070ca00000, 0x000000070ca00000, 0x000000070cc00000|  0%| F|  |TAMS 0x000000070ca00000, 0x000000070ca00000| Untracked 
|  86|0x000000070cc00000, 0x000000070cc00000, 0x000000070ce00000|  0%| F|  |TAMS 0x000000070cc00000, 0x000000070cc00000| Untracked 
|  87|0x000000070ce00000, 0x000000070ce00000, 0x000000070d000000|  0%| F|  |TAMS 0x000000070ce00000, 0x000000070ce00000| Untracked 
|  88|0x000000070d000000, 0x000000070d000000, 0x000000070d200000|  0%| F|  |TAMS 0x000000070d000000, 0x000000070d000000| Untracked 
|  89|0x000000070d200000, 0x000000070d200000, 0x000000070d400000|  0%| F|  |TAMS 0x000000070d200000, 0x000000070d200000| Untracked 
|  90|0x000000070d400000, 0x000000070d400000, 0x000000070d600000|  0%| F|  |TAMS 0x000000070d400000, 0x000000070d400000| Untracked 
|  91|0x000000070d600000, 0x000000070d600000, 0x000000070d800000|  0%| F|  |TAMS 0x000000070d600000, 0x000000070d600000| Untracked 
|  92|0x000000070d800000, 0x000000070d800000, 0x000000070da00000|  0%| F|  |TAMS 0x000000070d800000, 0x000000070d800000| Untracked 
|  93|0x000000070da00000, 0x000000070da00000, 0x000000070dc00000|  0%| F|  |TAMS 0x000000070da00000, 0x000000070da00000| Untracked 
|  94|0x000000070dc00000, 0x000000070dc00000, 0x000000070de00000|  0%| F|  |TAMS 0x000000070dc00000, 0x000000070dc00000| Untracked 
|  95|0x000000070de00000, 0x000000070de00000, 0x000000070e000000|  0%| F|  |TAMS 0x000000070de00000, 0x000000070de00000| Untracked 
|  96|0x000000070e000000, 0x000000070e000000, 0x000000070e200000|  0%| F|  |TAMS 0x000000070e000000, 0x000000070e000000| Untracked 
|  97|0x000000070e200000, 0x000000070e200000, 0x000000070e400000|  0%| F|  |TAMS 0x000000070e200000, 0x000000070e200000| Untracked 
|  98|0x000000070e400000, 0x000000070e400000, 0x000000070e600000|  0%| F|  |TAMS 0x000000070e400000, 0x000000070e400000| Untracked 
|  99|0x000000070e600000, 0x000000070e600000, 0x000000070e800000|  0%| F|  |TAMS 0x000000070e600000, 0x000000070e600000| Untracked 
| 100|0x000000070e800000, 0x000000070e800000, 0x000000070ea00000|  0%| F|  |TAMS 0x000000070e800000, 0x000000070e800000| Untracked 
| 101|0x000000070ea00000, 0x000000070ea00000, 0x000000070ec00000|  0%| F|  |TAMS 0x000000070ea00000, 0x000000070ea00000| Untracked 
| 102|0x000000070ec00000, 0x000000070ec00000, 0x000000070ee00000|  0%| F|  |TAMS 0x000000070ec00000, 0x000000070ec00000| Untracked 
| 103|0x000000070ee00000, 0x000000070ee00000, 0x000000070f000000|  0%| F|  |TAMS 0x000000070ee00000, 0x000000070ee00000| Untracked 
| 104|0x000000070f000000, 0x000000070f000000, 0x000000070f200000|  0%| F|  |TAMS 0x000000070f000000, 0x000000070f000000| Untracked 
| 105|0x000000070f200000, 0x000000070f200000, 0x000000070f400000|  0%| F|  |TAMS 0x000000070f200000, 0x000000070f200000| Untracked 
| 106|0x000000070f400000, 0x000000070f400000, 0x000000070f600000|  0%| F|  |TAMS 0x000000070f400000, 0x000000070f400000| Untracked 
| 107|0x000000070f600000, 0x000000070f600000, 0x000000070f800000|  0%| F|  |TAMS 0x000000070f600000, 0x000000070f600000| Untracked 
| 108|0x000000070f800000, 0x000000070f800000, 0x000000070fa00000|  0%| F|  |TAMS 0x000000070f800000, 0x000000070f800000| Untracked 
| 109|0x000000070fa00000, 0x000000070fa00000, 0x000000070fc00000|  0%| F|  |TAMS 0x000000070fa00000, 0x000000070fa00000| Untracked 
| 110|0x000000070fc00000, 0x000000070fc00000, 0x000000070fe00000|  0%| F|  |TAMS 0x000000070fc00000, 0x000000070fc00000| Untracked 
| 111|0x000000070fe00000, 0x000000070fe00000, 0x0000000710000000|  0%| F|  |TAMS 0x000000070fe00000, 0x000000070fe00000| Untracked 
| 112|0x0000000710000000, 0x0000000710000000, 0x0000000710200000|  0%| F|  |TAMS 0x0000000710000000, 0x0000000710000000| Untracked 
| 113|0x0000000710200000, 0x0000000710200000, 0x0000000710400000|  0%| F|  |TAMS 0x0000000710200000, 0x0000000710200000| Untracked 
| 114|0x0000000710400000, 0x0000000710400000, 0x0000000710600000|  0%| F|  |TAMS 0x0000000710400000, 0x0000000710400000| Untracked 
| 115|0x0000000710600000, 0x0000000710600000, 0x0000000710800000|  0%| F|  |TAMS 0x0000000710600000, 0x0000000710600000| Untracked 
| 116|0x0000000710800000, 0x0000000710800000, 0x0000000710a00000|  0%| F|  |TAMS 0x0000000710800000, 0x0000000710800000| Untracked 
| 117|0x0000000710a00000, 0x0000000710a00000, 0x0000000710c00000|  0%| F|  |TAMS 0x0000000710a00000, 0x0000000710a00000| Untracked 
| 118|0x0000000710c00000, 0x0000000710c00000, 0x0000000710e00000|  0%| F|  |TAMS 0x0000000710c00000, 0x0000000710c00000| Untracked 
| 119|0x0000000710e00000, 0x0000000710e00000, 0x0000000711000000|  0%| F|  |TAMS 0x0000000710e00000, 0x0000000710e00000| Untracked 
| 120|0x0000000711000000, 0x0000000711000000, 0x0000000711200000|  0%| F|  |TAMS 0x0000000711000000, 0x0000000711000000| Untracked 
| 121|0x0000000711200000, 0x0000000711200000, 0x0000000711400000|  0%| F|  |TAMS 0x0000000711200000, 0x0000000711200000| Untracked 
| 122|0x0000000711400000, 0x00000007114f64a0, 0x0000000711600000| 48%| E|  |TAMS 0x0000000711400000, 0x0000000711400000| Complete 
| 123|0x0000000711600000, 0x0000000711800000, 0x0000000711800000|100%| E|CS|TAMS 0x0000000711600000, 0x0000000711600000| Complete 
| 124|0x0000000711800000, 0x0000000711a00000, 0x0000000711a00000|100%| E|CS|TAMS 0x0000000711800000, 0x0000000711800000| Complete 
| 125|0x0000000711a00000, 0x0000000711c00000, 0x0000000711c00000|100%| E|CS|TAMS 0x0000000711a00000, 0x0000000711a00000| Complete 
| 126|0x0000000711c00000, 0x0000000711e00000, 0x0000000711e00000|100%| E|CS|TAMS 0x0000000711c00000, 0x0000000711c00000| Complete 

Card table byte_map: [0x000001f73e340000,0x000001f73eb30000] _byte_map_base: 0x000001f73ab30000

Marking Bits (Prev, Next): (CMBitMap*) 0x000001f72b4da830, (CMBitMap*) 0x000001f72b4da870
 Prev Bits: [0x000001f73f320000, 0x000001f7432a0000)
 Next Bits: [0x000001f7432a0000, 0x000001f747220000)

Polling page: 0x000001f729370000

Metaspace:

Usage:
  Non-class:     12.72 MB used.
      Class:      1.38 MB used.
       Both:     14.09 MB used.

Virtual space:
  Non-class space:       16.00 MB reserved,      12.81 MB ( 80%) committed,  2 nodes.
      Class space:        1.00 GB reserved,       1.50 MB ( <1%) committed,  1 nodes.
             Both:        1.02 GB reserved,      14.31 MB (  1%) committed. 

Chunk freelists:
   Non-Class:  3.00 MB
       Class:  2.54 MB
        Both:  5.54 MB

MaxMetaspaceSize: unlimited
CompressedClassSpaceSize: 1.00 GB
Initial GC threshold: 21.00 MB
Current GC threshold: 21.00 MB
CDS: off
MetaspaceReclaimPolicy: balanced
 - commit_granule_bytes: 65536.
 - commit_granule_words: 8192.
 - virtual_space_node_default_size: 1048576.
 - enlarge_chunks_in_place: 1.
 - new_chunks_are_fully_committed: 0.
 - uncommit_free_chunks: 1.
 - use_allocation_guard: 0.
 - handle_deallocations: 1.


Internal statistics:

num_allocs_failed_limit: 0.
num_arena_births: 116.
num_arena_deaths: 0.
num_vsnodes_births: 3.
num_vsnodes_deaths: 0.
num_space_committed: 229.
num_space_uncommitted: 0.
num_chunks_returned_to_freelist: 0.
num_chunks_taken_from_freelist: 178.
num_chunk_merges: 0.
num_chunk_splits: 95.
num_chunks_enlarged: 47.
num_purges: 0.
num_inconsistent_stats: 0.

CodeHeap 'non-profiled nmethods': size=120000Kb used=333Kb max_used=333Kb free=119666Kb
 bounds [0x000001f736620000, 0x000001f736890000, 0x000001f73db50000]
CodeHeap 'profiled nmethods': size=120000Kb used=1687Kb max_used=1687Kb free=118312Kb
 bounds [0x000001f72f0f0000, 0x000001f72f360000, 0x000001f736620000]
CodeHeap 'non-nmethods': size=5760Kb used=1265Kb max_used=1286Kb free=4494Kb
 bounds [0x000001f72eb50000, 0x000001f72edc0000, 0x000001f72f0f0000]
 total_blobs=1674 nmethods=1087 adapters=500
 compilation: enabled
              stopped_count=0, restarted_count=0
 full_count=0

Compilation events (20 events):
Event: 4.934 Thread 0x000001f74a06cef0 1079       3       sun.java2d.pipe.ValidatePipe::scaleImage (33 bytes)
Event: 4.934 Thread 0x000001f74a06cef0 nmethod 1079 0x000001f72f28d590 code [0x000001f72f28d780, 0x000001f72f28dca8]
Event: 4.934 Thread 0x000001f74a06cef0 1080       3       sun.awt.windows.WComponentPeer::flip (54 bytes)
Event: 4.934 Thread 0x000001f74a06cef0 nmethod 1080 0x000001f72f28df10 code [0x000001f72f28e100, 0x000001f72f28e978]
Event: 4.950 Thread 0x000001f74a06cef0 1081       3       sun.java2d.SunGraphics2D::checkFontInfo (760 bytes)
Event: 4.951 Thread 0x000001f74a06cef0 nmethod 1081 0x000001f72f28eb90 code [0x000001f72f28f020, 0x000001f72f291748]
Event: 4.951 Thread 0x000001f74a06cef0 1082   !   3       sun.font.FontStrikeDesc::equals (53 bytes)
Event: 4.951 Thread 0x000001f74a06cef0 nmethod 1082 0x000001f72f292290 code [0x000001f72f292460, 0x000001f72f292858]
Event: 5.050 Thread 0x000001f74a06cef0 1083       3       sun.awt.image.SurfaceManager::getCacheData (20 bytes)
Event: 5.050 Thread 0x000001f74a06cef0 nmethod 1083 0x000001f72f292a90 code [0x000001f72f292c40, 0x000001f72f292de8]
Event: 5.816 Thread 0x000001f74a069d50 1084       4       sun.java2d.SurfaceData::getTransparency (8 bytes)
Event: 5.817 Thread 0x000001f74a069d50 nmethod 1084 0x000001f736673490 code [0x000001f736673620, 0x000001f7366736d8]
Event: 6.733 Thread 0x000001f74a06cef0 1085       3       sun.java2d.SunGraphics2D::setFont (105 bytes)
Event: 6.734 Thread 0x000001f74a06cef0 nmethod 1085 0x000001f72f292e90 code [0x000001f72f293080, 0x000001f72f293938]
Event: 6.734 Thread 0x000001f74a06cef0 1086       3       java.lang.Integer::toString (55 bytes)
Event: 6.734 Thread 0x000001f74a06cef0 nmethod 1086 0x000001f72f293b90 code [0x000001f72f293d60, 0x000001f72f2940f8]
Event: 6.734 Thread 0x000001f74a06cef0 1087   !   3       java.awt.Component$FlipBufferStrategy::revalidate (145 bytes)
Event: 6.734 Thread 0x000001f74a06cef0 nmethod 1087 0x000001f72f294290 code [0x000001f72f2944c0, 0x000001f72f294e68]
Event: 6.734 Thread 0x000001f74a06cef0 1088       3       java.awt.Component$FlipBufferStrategy::flip (58 bytes)
Event: 6.735 Thread 0x000001f74a06cef0 nmethod 1088 0x000001f72f295190 code [0x000001f72f2953c0, 0x000001f72f295bd8]

GC Heap History (0 events):
No events

Deoptimization events (20 events):
Event: 0.600 Thread 0x000001f72b48c500 DEOPT PACKING pc=0x000001f72f1065e7 sp=0x00000012422fd080
Event: 0.600 Thread 0x000001f72b48c500 DEOPT UNPACKING pc=0x000001f72eba2b43 sp=0x00000012422fc4a0 mode 0
Event: 0.621 Thread 0x000001f72b48c500 Uncommon trap: trap_request=0xffffff45 fr.pc=0x000001f73663dbd0 relative=0x0000000000000190
Event: 0.621 Thread 0x000001f72b48c500 Uncommon trap: reason=unstable_if action=reinterpret pc=0x000001f73663dbd0 method=java.lang.invoke.VarHandle.checkExactAccessMode(Ljava/lang/invoke/VarHandle$AccessDescriptor;)V @ 4 c2
Event: 0.621 Thread 0x000001f72b48c500 DEOPT PACKING pc=0x000001f73663dbd0 sp=0x00000012422fee50
Event: 0.621 Thread 0x000001f72b48c500 DEOPT UNPACKING pc=0x000001f72eba23a3 sp=0x00000012422fed90 mode 2
Event: 0.662 Thread 0x000001f74ab2fb60 DEOPT PACKING pc=0x000001f72f200ce6 sp=0x00000012442ff1d0
Event: 0.662 Thread 0x000001f74ab2fb60 DEOPT UNPACKING pc=0x000001f72eba2b43 sp=0x00000012442fe708 mode 0
Event: 0.666 Thread 0x000001f74ab2fb60 Uncommon trap: trap_request=0xffffff45 fr.pc=0x000001f7366558c8 relative=0x0000000000000188
Event: 0.666 Thread 0x000001f74ab2fb60 Uncommon trap: reason=unstable_if action=reinterpret pc=0x000001f7366558c8 method=br.com.alexsandro.gamepebolim.Game.run()V @ 59 c2
Event: 0.666 Thread 0x000001f74ab2fb60 DEOPT PACKING pc=0x000001f7366558c8 sp=0x00000012442ff2a0
Event: 0.666 Thread 0x000001f74ab2fb60 DEOPT UNPACKING pc=0x000001f72eba23a3 sp=0x00000012442ff218 mode 2
Event: 0.682 Thread 0x000001f74ab2fb60 DEOPT PACKING pc=0x000001f72f20363e sp=0x00000012442ff1d0
Event: 0.682 Thread 0x000001f74ab2fb60 DEOPT UNPACKING pc=0x000001f72eba2b43 sp=0x00000012442fe708 mode 0
Event: 1.649 Thread 0x000001f74ab2fb60 Uncommon trap: trap_request=0xffffff45 fr.pc=0x000001f736656714 relative=0x00000000000001b4
Event: 1.649 Thread 0x000001f74ab2fb60 Uncommon trap: reason=unstable_if action=reinterpret pc=0x000001f736656714 method=br.com.alexsandro.gamepebolim.Game.run()V @ 90 c2
Event: 1.649 Thread 0x000001f74ab2fb60 DEOPT PACKING pc=0x000001f736656714 sp=0x00000012442ff2a0
Event: 1.649 Thread 0x000001f74ab2fb60 DEOPT UNPACKING pc=0x000001f72eba23a3 sp=0x00000012442ff218 mode 2
Event: 1.658 Thread 0x000001f74ab2fb60 DEOPT PACKING pc=0x000001f72f23e776 sp=0x00000012442ff1d0
Event: 1.658 Thread 0x000001f74ab2fb60 DEOPT UNPACKING pc=0x000001f72eba2b43 sp=0x00000012442fe708 mode 0

Classes unloaded (0 events):
No events

Classes redefined (0 events):
No events

Internal exceptions (14 events):
Event: 0.181 Thread 0x000001f72b48c500 Exception <a 'java/lang/ClassNotFoundException'{0x0000000711d37898}: sun/awt/resources/spi/awtProvider> (0x0000000711d37898) 
thrown [e:\jenkins\tmp\workspace\build\src\src\hotspot\share\classfile\systemDictionary.cpp, line 256]
Event: 0.207 Thread 0x000001f72b48c500 Exception <a 'java/io/FileNotFoundException'{0x0000000711d925d8}> (0x0000000711d925d8) 
thrown [e:\jenkins\tmp\workspace\build\src\src\hotspot\share\prims\jni.cpp, line 516]
Event: 0.214 Thread 0x000001f72b48c500 Exception <a 'java/io/FileNotFoundException'{0x0000000711dbf818}> (0x0000000711dbf818) 
thrown [e:\jenkins\tmp\workspace\build\src\src\hotspot\share\prims\jni.cpp, line 516]
Event: 0.269 Thread 0x000001f72b48c500 Exception <a 'java/lang/NoSuchMethodError'{0x0000000711a747a8}: 'java.lang.Object java.lang.invoke.DirectMethodHandle$Holder.invokeStaticInit(java.lang.Object, int, int, int, int)'> (0x0000000711a747a8) 
thrown [e:\jenkins\tmp\workspace\build\src\src\hotspot\share\interpreter\linkResolver.cpp, line 766]
Event: 0.331 Thread 0x000001f72b48c500 Exception <a 'java/lang/NoSuchMethodError'{0x0000000711b6de80}: 'java.lang.Object java.lang.invoke.DirectMethodHandle$Holder.invokeStaticInit(java.lang.Object, java.lang.Object, int, int, int, int)'> (0x0000000711b6de80) 
thrown [e:\jenkins\tmp\workspace\build\src\src\hotspot\share\interpreter\linkResolver.cpp, line 766]
Event: 0.341 Thread 0x000001f72b48c500 Exception <a 'java/lang/NoSuchMethodError'{0x0000000711b7b100}: 'java.lang.Object java.lang.invoke.DirectMethodHandle$Holder.invokeStaticInit(java.lang.Object)'> (0x0000000711b7b100) 
thrown [e:\jenkins\tmp\workspace\build\src\src\hotspot\share\interpreter\linkResolver.cpp, line 766]
Event: 0.519 Thread 0x000001f72b48c500 Exception <a 'java/lang/NoSuchMethodError'{0x000000071187a6f8}: 'void java.lang.invoke.DirectMethodHandle$Holder.invokeSpecial(java.lang.Object, java.lang.Object, java.lang.Object)'> (0x000000071187a6f8) 
thrown [e:\jenkins\tmp\workspace\build\src\src\hotspot\share\interpreter\linkResolver.cpp, line 766]
Event: 0.526 Thread 0x000001f72b48c500 Exception <a 'java/lang/NoSuchMethodError'{0x00000007118a4810}: 'java.lang.Object java.lang.invoke.DirectMethodHandle$Holder.newInvokeSpecial(java.lang.Object, java.lang.Object, java.lang.Object, java.lang.Object, java.lang.Object)'> (0x00000007118a4810) 
thrown [e:\jenkins\tmp\workspace\build\src\src\hotspot\share\interpreter\linkResolver.cpp, line 766]
Event: 0.527 Thread 0x000001f72b48c500 Exception <a 'java/lang/NoSuchMethodError'{0x00000007118b01d8}: 'java.lang.Object java.lang.invoke.DirectMethodHandle$Holder.invokeStatic(java.lang.Object, int, java.lang.Object, java.lang.Object, java.lang.Object, java.lang.Object)'> (0x00000007118b01d8) 
thrown [e:\jenkins\tmp\workspace\build\src\src\hotspot\share\interpreter\linkResolver.cpp, line 766]
Event: 0.533 Thread 0x000001f72b48c500 Exception <a 'java/lang/NoSuchMethodError'{0x00000007118d5ba8}: 'java.lang.Object java.lang.invoke.DirectMethodHandle$Holder.invokeStatic(java.lang.Object, int, java.lang.Object)'> (0x00000007118d5ba8) 
thrown [e:\jenkins\tmp\workspace\build\src\src\hotspot\share\interpreter\linkResolver.cpp, line 766]
Event: 0.556 Thread 0x000001f72b48c500 Exception <a 'java/lang/ClassNotFoundException'{0x000000071198df18}: com/sun/swing/internal/plaf/metal/resources/spi/metalProvider> (0x000000071198df18) 
thrown [e:\jenkins\tmp\workspace\build\src\src\hotspot\share\classfile\systemDictionary.cpp, line 256]
Event: 0.557 Thread 0x000001f72b48c500 Exception <a 'java/lang/ClassNotFoundException'{0x0000000711992628}: com/sun/swing/internal/plaf/basic/resources/spi/basicProvider> (0x0000000711992628) 
thrown [e:\jenkins\tmp\workspace\build\src\src\hotspot\share\classfile\systemDictionary.cpp, line 256]
Event: 0.570 Thread 0x000001f74a7650a0 Exception <a 'java/lang/NoSuchMethodError'{0x000000071180fb88}: 'void java.lang.invoke.DirectMethodHandle$Holder.invokeVirtual(java.lang.Object, java.lang.Object)'> (0x000000071180fb88) 
thrown [e:\jenkins\tmp\workspace\build\src\src\hotspot\share\interpreter\linkResolver.cpp, line 766]
Event: 0.584 Thread 0x000001f72b48c500 Exception <a 'java/lang/NoSuchMethodError'{0x000000071160d480}: 'void java.lang.invoke.DirectMethodHandle$Holder.invokeStaticInit(java.lang.Object)'> (0x000000071160d480) 
thrown [e:\jenkins\tmp\workspace\build\src\src\hotspot\share\interpreter\linkResolver.cpp, line 766]

VM Operations (20 events):
Event: 0.287 Executing VM operation: HandshakeAllThreads
Event: 0.287 Executing VM operation: HandshakeAllThreads done
Event: 0.604 Executing VM operation: HandshakeAllThreads
Event: 0.604 Executing VM operation: HandshakeAllThreads done
Event: 0.606 Executing VM operation: HandshakeAllThreads
Event: 0.606 Executing VM operation: HandshakeAllThreads done
Event: 0.638 Executing VM operation: HandshakeAllThreads
Event: 0.649 Executing VM operation: HandshakeAllThreads done
Event: 0.691 Executing VM operation: HandshakeAllThreads
Event: 0.691 Executing VM operation: HandshakeAllThreads done
Event: 1.693 Executing VM operation: Cleanup
Event: 1.693 Executing VM operation: Cleanup done
Event: 2.708 Executing VM operation: Cleanup
Event: 2.709 Executing VM operation: Cleanup done
Event: 3.719 Executing VM operation: Cleanup
Event: 3.719 Executing VM operation: Cleanup done
Event: 4.734 Executing VM operation: Cleanup
Event: 4.734 Executing VM operation: Cleanup done
Event: 5.743 Executing VM operation: Cleanup
Event: 5.743 Executing VM operation: Cleanup done

Events (20 events):
Event: 0.702 loading class sun/font/StrikeCache$SoftDisposerRef done
Event: 0.937 loading class java/awt/event/MouseEvent$1
Event: 0.937 loading class sun/awt/AWTAccessor$MouseEventAccessor
Event: 0.937 loading class sun/awt/AWTAccessor$MouseEventAccessor done
Event: 0.937 loading class java/awt/event/MouseEvent$1 done
Event: 0.938 loading class java/awt/Cursor$CursorDisposer
Event: 0.938 loading class java/awt/Cursor$CursorDisposer done
Event: 0.939 loading class java/awt/event/MouseWheelEvent
Event: 0.939 loading class java/awt/event/MouseWheelEvent done
Event: 6.736 Thread 0x000001f74a307100 Thread added: 0x000001f74a307100
Event: 6.736 Thread 0x000001f74a378a60 Thread added: 0x000001f74a378a60
Event: 6.736 Thread 0x000001f74a379da0 Thread added: 0x000001f74a379da0
Event: 6.736 loading class java/util/WeakHashMap$KeyIterator
Event: 6.736 Thread 0x000001f74a378a60 Thread exited: 0x000001f74a378a60
Event: 6.736 Thread 0x000001f74a82b870 Thread exited: 0x000001f74a82b870
Event: 6.736 loading class java/util/WeakHashMap$HashIterator
Event: 6.736 loading class java/util/WeakHashMap$HashIterator done
Event: 6.736 loading class java/util/WeakHashMap$KeyIterator done
Event: 6.737 Thread 0x000001f74a307100 Thread exited: 0x000001f74a307100
Event: 6.781 Thread 0x000001f74a7650a0 Thread exited: 0x000001f74a7650a0


Dynamic libraries:
0x00007ff798160000 - 0x00007ff79816e000 	C:\Users\Alexsandro\.p2\pool\plugins\org.eclipse.justj.openjdk.hotspot.jre.full.win32.x86_64_17.0.2.v20220201-1208\jre\bin\javaw.exe
0x00007ffeb6470000 - 0x00007ffeb6668000 	C:\WINDOWS\SYSTEM32\ntdll.dll
0x00007ffeb6080000 - 0x00007ffeb613f000 	C:\WINDOWS\System32\KERNEL32.DLL
0x00007ffeb3b70000 - 0x00007ffeb3e42000 	C:\WINDOWS\System32\KERNELBASE.dll
0x00007ffeb4390000 - 0x00007ffeb4490000 	C:\WINDOWS\System32\ucrtbase.dll
0x00007ffe8b130000 - 0x00007ffe8b148000 	C:\Users\Alexsandro\.p2\pool\plugins\org.eclipse.justj.openjdk.hotspot.jre.full.win32.x86_64_17.0.2.v20220201-1208\jre\bin\jli.dll
0x00007ffeb5ab0000 - 0x00007ffeb5c4d000 	C:\WINDOWS\System32\USER32.dll
0x00007ffeb42d0000 - 0x00007ffeb42f2000 	C:\WINDOWS\System32\win32u.dll
0x00007ffeb61a0000 - 0x00007ffeb61cb000 	C:\WINDOWS\System32\GDI32.dll
0x00007ffeb3f10000 - 0x00007ffeb401f000 	C:\WINDOWS\System32\gdi32full.dll
0x00007ffeb4230000 - 0x00007ffeb42cd000 	C:\WINDOWS\System32\msvcp_win.dll
0x00007ffe78b50000 - 0x00007ffe78b69000 	C:\Users\Alexsandro\.p2\pool\plugins\org.eclipse.justj.openjdk.hotspot.jre.full.win32.x86_64_17.0.2.v20220201-1208\jre\bin\VCRUNTIME140.dll
0x00007ffeb2f50000 - 0x00007ffeb31ea000 	C:\WINDOWS\WinSxS\amd64_microsoft.windows.common-controls_6595b64144ccf1df_6.0.19041.1110_none_60b5254171f9507e\COMCTL32.dll
0x00007ffeb59b0000 - 0x00007ffeb5a4e000 	C:\WINDOWS\System32\msvcrt.dll
0x00007ffeb49a0000 - 0x00007ffeb49d2000 	C:\WINDOWS\System32\IMM32.DLL
0x00007ffe99380000 - 0x00007ffe9938c000 	C:\Users\Alexsandro\.p2\pool\plugins\org.eclipse.justj.openjdk.hotspot.jre.full.win32.x86_64_17.0.2.v20220201-1208\jre\bin\vcruntime140_1.dll
0x00007ffe518b0000 - 0x00007ffe51941000 	C:\Users\Alexsandro\.p2\pool\plugins\org.eclipse.justj.openjdk.hotspot.jre.full.win32.x86_64_17.0.2.v20220201-1208\jre\bin\msvcp140.dll
0x00007ffe3bdb0000 - 0x00007ffe3c9f7000 	C:\Users\Alexsandro\.p2\pool\plugins\org.eclipse.justj.openjdk.hotspot.jre.full.win32.x86_64_17.0.2.v20220201-1208\jre\bin\server\jvm.dll
0x00007ffeb5870000 - 0x00007ffeb591e000 	C:\WINDOWS\System32\ADVAPI32.dll
0x00007ffeb4d40000 - 0x00007ffeb4ddc000 	C:\WINDOWS\System32\sechost.dll
0x00007ffeb5cc0000 - 0x00007ffeb5de5000 	C:\WINDOWS\System32\RPCRT4.dll
0x00007ffeb4990000 - 0x00007ffeb4998000 	C:\WINDOWS\System32\PSAPI.DLL
0x00007ffe976b0000 - 0x00007ffe976b9000 	C:\WINDOWS\SYSTEM32\WSOCK32.dll
0x00007ffeb5c50000 - 0x00007ffeb5cbb000 	C:\WINDOWS\System32\WS2_32.dll
0x00007ffea9f50000 - 0x00007ffea9f77000 	C:\WINDOWS\SYSTEM32\WINMM.dll
0x00007ffeb1330000 - 0x00007ffeb133a000 	C:\WINDOWS\SYSTEM32\VERSION.dll
0x00007ffeb0980000 - 0x00007ffeb0992000 	C:\WINDOWS\SYSTEM32\kernel.appcore.dll
0x00007ffeb3590000 - 0x00007ffeb359a000 	C:\Users\Alexsandro\.p2\pool\plugins\org.eclipse.justj.openjdk.hotspot.jre.full.win32.x86_64_17.0.2.v20220201-1208\jre\bin\jimage.dll
0x00007ffeb35f0000 - 0x00007ffeb37d4000 	C:\WINDOWS\SYSTEM32\DBGHELP.DLL
0x00007ffeb3350000 - 0x00007ffeb337c000 	C:\WINDOWS\SYSTEM32\dbgcore.DLL
0x00007ffeb4300000 - 0x00007ffeb4382000 	C:\WINDOWS\System32\bcryptPrimitives.dll
0x00007ffe89340000 - 0x00007ffe89365000 	C:\Users\Alexsandro\.p2\pool\plugins\org.eclipse.justj.openjdk.hotspot.jre.full.win32.x86_64_17.0.2.v20220201-1208\jre\bin\java.dll
0x00007ffe93040000 - 0x00007ffe93058000 	C:\Users\Alexsandro\.p2\pool\plugins\org.eclipse.justj.openjdk.hotspot.jre.full.win32.x86_64_17.0.2.v20220201-1208\jre\bin\zip.dll
0x00007ffeb4ee0000 - 0x00007ffeb5623000 	C:\WINDOWS\System32\SHELL32.dll
0x00007ffeb0b80000 - 0x00007ffeb1312000 	C:\WINDOWS\SYSTEM32\windows.storage.dll
0x00007ffeb49e0000 - 0x00007ffeb4d34000 	C:\WINDOWS\System32\combase.dll
0x00007ffeb2ee0000 - 0x00007ffeb2f10000 	C:\WINDOWS\SYSTEM32\Wldp.dll
0x00007ffeb6380000 - 0x00007ffeb642d000 	C:\WINDOWS\System32\SHCORE.dll
0x00007ffeb6140000 - 0x00007ffeb6195000 	C:\WINDOWS\System32\shlwapi.dll
0x00007ffeb3ab0000 - 0x00007ffeb3acf000 	C:\WINDOWS\SYSTEM32\profapi.dll
0x00007ffe3a5a0000 - 0x00007ffe3a72e000 	C:\Users\Alexsandro\.p2\pool\plugins\org.eclipse.justj.openjdk.hotspot.jre.full.win32.x86_64_17.0.2.v20220201-1208\jre\bin\awt.dll
0x00007ffeb4df0000 - 0x00007ffeb4ebd000 	C:\WINDOWS\System32\OLEAUT32.dll
0x00007ffeb03a0000 - 0x00007ffeb0431000 	C:\WINDOWS\SYSTEM32\apphelp.dll
0x00007ffeb3900000 - 0x00007ffeb3918000 	C:\WINDOWS\SYSTEM32\CRYPTSP.dll
0x00007ffeb25c0000 - 0x00007ffeb25f4000 	C:\WINDOWS\system32\rsaenh.dll
0x00007ffeb4490000 - 0x00007ffeb44b7000 	C:\WINDOWS\System32\bcrypt.dll
0x00007ffeb3a70000 - 0x00007ffeb3a9e000 	C:\WINDOWS\SYSTEM32\USERENV.dll
0x00007ffeb2d20000 - 0x00007ffeb2d2c000 	C:\WINDOWS\SYSTEM32\CRYPTBASE.dll
0x00007ffe8ecb0000 - 0x00007ffe8ecc9000 	C:\Users\Alexsandro\.p2\pool\plugins\org.eclipse.justj.openjdk.hotspot.jre.full.win32.x86_64_17.0.2.v20220201-1208\jre\bin\net.dll
0x00007ffea2b20000 - 0x00007ffea2c2c000 	C:\WINDOWS\SYSTEM32\WINHTTP.dll
0x00007ffeb2d80000 - 0x00007ffeb2dea000 	C:\WINDOWS\system32\mswsock.dll
0x00007ffeb2930000 - 0x00007ffeb296b000 	C:\WINDOWS\SYSTEM32\IPHLPAPI.DLL
0x00007ffeb5920000 - 0x00007ffeb5928000 	C:\WINDOWS\System32\NSI.dll
0x00007ffea7b80000 - 0x00007ffea7b97000 	C:\WINDOWS\SYSTEM32\dhcpcsvc6.DLL
0x00007ffea7b60000 - 0x00007ffea7b7d000 	C:\WINDOWS\SYSTEM32\dhcpcsvc.DLL
0x00007ffeb2970000 - 0x00007ffeb2a3a000 	C:\WINDOWS\SYSTEM32\DNSAPI.dll
0x00007ffe8ec10000 - 0x00007ffe8ec25000 	C:\Users\Alexsandro\.p2\pool\plugins\org.eclipse.justj.openjdk.hotspot.jre.full.win32.x86_64_17.0.2.v20220201-1208\jre\bin\nio.dll
0x00007ffeb0770000 - 0x00007ffeb079f000 	C:\WINDOWS\system32\DWMAPI.DLL
0x00007ffeb0570000 - 0x00007ffeb060e000 	C:\WINDOWS\system32\uxtheme.dll
0x00007ffea1040000 - 0x00007ffea1165000 	C:\WINDOWS\system32\opengl32.dll
0x00007ffea3390000 - 0x00007ffea33bc000 	C:\WINDOWS\SYSTEM32\GLU32.dll
0x00007ffeb61d0000 - 0x00007ffeb62e5000 	C:\WINDOWS\System32\MSCTF.dll
0x00007ffeb5630000 - 0x00007ffeb575a000 	C:\WINDOWS\System32\ole32.dll
0x00007ffeb3ec0000 - 0x00007ffeb3f0e000 	C:\WINDOWS\System32\cfgmgr32.dll
0x00007ffeaa160000 - 0x00007ffeaa19b000 	C:\WINDOWS\SYSTEM32\dxcore.dll
0x00007ffe51790000 - 0x00007ffe51819000 	C:\Users\Alexsandro\.p2\pool\plugins\org.eclipse.justj.openjdk.hotspot.jre.full.win32.x86_64_17.0.2.v20220201-1208\jre\bin\freetype.dll
0x00007ffe3a4f0000 - 0x00007ffe3a598000 	C:\Users\Alexsandro\.p2\pool\plugins\org.eclipse.justj.openjdk.hotspot.jre.full.win32.x86_64_17.0.2.v20220201-1208\jre\bin\fontmanager.dll
0x00007ffea0f20000 - 0x00007ffea1019000 	C:\WINDOWS\SYSTEM32\textinputframework.dll
0x00007ffeafd30000 - 0x00007ffeb008e000 	C:\WINDOWS\System32\CoreUIComponents.dll
0x00007ffeb0090000 - 0x00007ffeb0182000 	C:\WINDOWS\System32\CoreMessaging.dll
0x00007ffeb38c0000 - 0x00007ffeb38f3000 	C:\WINDOWS\SYSTEM32\ntmarta.dll
0x00007ffeaf850000 - 0x00007ffeaf9a4000 	C:\WINDOWS\SYSTEM32\wintypes.dll

dbghelp: loaded successfully - version: 4.0.5 - missing functions: none
symbol engine: initialized successfully - sym options: 0x614 - pdb path: .;C:\Users\Alexsandro\.p2\pool\plugins\org.eclipse.justj.openjdk.hotspot.jre.full.win32.x86_64_17.0.2.v20220201-1208\jre\bin;C:\WINDOWS\SYSTEM32;C:\WINDOWS\WinSxS\amd64_microsoft.windows.common-controls_6595b64144ccf1df_6.0.19041.1110_none_60b5254171f9507e;C:\Users\Alexsandro\.p2\pool\plugins\org.eclipse.justj.openjdk.hotspot.jre.full.win32.x86_64_17.0.2.v20220201-1208\jre\bin\server;C:\WINDOWS\System32\DriverStore\FileRepository\u0384804.inf_amd64_41ca4ca6939f5e56\B384763;C:\WINDOWS\System32\DriverStore\FileRepository\iigd_dch.inf_amd64_51f685305808e3a5

VM Arguments:
jvm_args: -Dfile.encoding=Cp1252 -XX:+ShowCodeDetailsInExceptionMessages 
java_command: br.com.alexsandro.gamepebolim.Game
java_class_path (initial): C:\Users\Alexsandro\Desktop\ProjetosEntra21\GitHub\Repositrios_GitHub\PebolimGameJAVA\PebolimGame\bin
Launcher Type: SUN_STANDARD

[Global flags]
     intx CICompilerCount                          = 3                                         {product} {ergonomic}
     uint ConcGCThreads                            = 1                                         {product} {ergonomic}
     uint G1ConcRefinementThreads                  = 4                                         {product} {ergonomic}
   size_t G1HeapRegionSize                         = 2097152                                   {product} {ergonomic}
    uintx GCDrainStackTargetSize                   = 64                                        {product} {ergonomic}
   size_t InitialHeapSize                          = 266338304                                 {product} {ergonomic}
   size_t MarkStackSize                            = 4194304                                   {product} {ergonomic}
   size_t MaxHeapSize                              = 4261412864                                {product} {ergonomic}
   size_t MaxNewSize                               = 2556428288                                {product} {ergonomic}
   size_t MinHeapDeltaBytes                        = 2097152                                   {product} {ergonomic}
   size_t MinHeapSize                              = 8388608                                   {product} {ergonomic}
    uintx NonNMethodCodeHeapSize                   = 5832780                                {pd product} {ergonomic}
    uintx NonProfiledCodeHeapSize                  = 122912730                              {pd product} {ergonomic}
    uintx ProfiledCodeHeapSize                     = 122912730                              {pd product} {ergonomic}
    uintx ReservedCodeCacheSize                    = 251658240                              {pd product} {ergonomic}
     bool SegmentedCodeCache                       = true                                      {product} {ergonomic}
     bool ShowCodeDetailsInExceptionMessages       = true                                   {manageable} {command line}
   size_t SoftMaxHeapSize                          = 4261412864                             {manageable} {ergonomic}
     bool UseCompressedClassPointers               = true                           {product lp64_product} {ergonomic}
     bool UseCompressedOops                        = true                           {product lp64_product} {ergonomic}
     bool UseG1GC                                  = true                                      {product} {ergonomic}
     bool UseLargePagesIndividualAllocation        = false                                  {pd product} {ergonomic}

Logging:
Log output configuration:
 #0: stdout all=warning uptime,level,tags
 #1: stderr all=off uptime,level,tags

Environment Variables:
PATH=C:/Users/Alexsandro/.p2/pool/plugins/org.eclipse.justj.openjdk.hotspot.jre.full.win32.x86_64_17.0.2.v20220201-1208/jre/bin/server;C:/Users/Alexsandro/.p2/pool/plugins/org.eclipse.justj.openjdk.hotspot.jre.full.win32.x86_64_17.0.2.v20220201-1208/jre/bin;C:\Program Files (x86)\Common Files\Oracle\Java\javapath;C:\WINDOWS\system32;C:\WINDOWS;C:\WINDOWS\System32\Wbem;C:\WINDOWS\System32\WindowsPowerShell\v1.0\;C:\WINDOWS\System32\OpenSSH\;C:\WINDOWS\system32\wbem;C:\Program Files (x86)\IVT Corporation\BlueSoleil\Mobile;C:\Program Files (x86)\IDEMIA\AWP\Dlls;C:\Program Files\IDEMIA\AWP\Dlls;C:\Program Files\Git\cmd;C:\Program Files\nodejs\;C:\maven\bin;C:\Program Files\MySQL\MySQL Shell 8.0\bin\;C:\Users\Alexsandro\AppData\Local\Microsoft\WindowsApps;C:\Users\Alexsandro\AppData\Local\Programs\Microsoft VS Code\bin;C:\Users\Alexsandro\AppData\Roaming\npm;C:\Users\Alexsandro\eclipse\jee-2022-03\eclipse;
USERNAME=Alexsandro
OS=Windows_NT
PROCESSOR_IDENTIFIER=Intel64 Family 6 Model 158 Stepping 9, GenuineIntel



---------------  S Y S T E M  ---------------

OS:
 Windows 10 , 64 bit Build 19041 (10.0.19041.2251)
OS uptime: 1 days 2:50 hours

CPU: total 4 (initial active 4) (2 cores per cpu, 2 threads per core) family 6 model 158 stepping 9 microcode 0xb4, cx8, cmov, fxsr, ht, mmx, 3dnowpref, sse, sse2, sse3, ssse3, sse4.1, sse4.2, popcnt, lzcnt, tsc, tscinvbit, avx, avx2, aes, erms, clmul, bmi1, bmi2, adx, fma, vzeroupper, clflush, clflushopt

Memory: 4k page, system-wide physical 16249M (8119M free)
TotalPageFile size 19449M (AvailPageFile size 4789M)
current process WorkingSet (physical memory assigned to process): 83M, peak: 97M
current process commit charge ("private bytes"): 380M, peak: 404M

vm_info: OpenJDK 64-Bit Server VM (17.0.2+8) for windows-amd64 JRE (17.0.2+8), built on Jan 20 2022 04:52:34 by "" with MS VC++ 16.7 (VS2019)

END.
